
Start-Date: 2020-07-09  18:48:35
Commandline: apt remove systemd
Install: startpar:armhf (0.61-1, automatic), insserv:armhf (1.18.0-2, automatic), psmisc:armhf (23.2-1, automatic), sysvinit-core:armhf (2.93-8, automatic), initscripts:armhf (2.93-8, automatic), sysv-rc:armhf (2.93-8, automatic)
Remove: systemd-sysv:armhf (241-7~deb10u4), systemd:armhf (241-7~deb10u4)
End-Date: 2020-07-09  18:48:45

Start-Date: 1970-01-02  19:21:19
Commandline: apt install sudo openssh-server -y
Install: libxdmcp6:armhf (1:1.1.2-3, automatic), libkrb5-3:armhf (1.17-3, automatic), libgssapi-krb5-2:armhf (1.17-3, automatic), libdbus-1-3:armhf (1.12.16-1, automatic), dbus:armhf (1.12.16-1, automatic), libwrap0:armhf (7.6.q-28, automatic), sudo:armhf (1.8.27-1+deb10u2), openssh-sftp-server:armhf (1:7.9p1-10+deb10u2, automatic), libk5crypto3:armhf (1.17-3, automatic), libx11-6:armhf (2:1.6.7-1, automatic), libexpat1:armhf (2.2.6-2+deb10u1, automatic), krb5-locales:armhf (1.17-3, automatic), libxau6:armhf (1:1.0.8-1+b2, automatic), libxcb1:armhf (1.13.1-2, automatic), libkrb5support0:armhf (1.17-3, automatic), systemd-sysv:armhf (241-7~deb10u4, automatic), ucf:armhf (3.0038+nmu1, automatic), libkeyutils1:armhf (1.6-6, automatic), libxmuu1:armhf (2:1.1.2-2+b3, automatic), libpam-systemd:armhf (241-7~deb10u4, automatic), ncurses-term:armhf (6.1+20181013-2+deb10u2, automatic), systemd:armhf (241-7~deb10u4, automatic), openssh-server:armhf (1:7.9p1-10+deb10u2), libx11-data:armhf (2:1.6.7-1, automatic), openssh-client:armhf (1:7.9p1-10+deb10u2, automatic), libnss-systemd:armhf (241-7~deb10u4, automatic), libedit2:armhf (3.1-20181209-1, automatic), xauth:armhf (1:1.0.10-1, automatic), libxext6:armhf (2:1.3.3-1+b2, automatic)
Remove: sysvinit-core:armhf (2.93-8)
End-Date: 1970-01-02  19:21:49

Start-Date: 1970-01-02  19:23:09
Commandline: apt remove systemd
Install: sysvinit-core:armhf (2.93-8, automatic)
Remove: systemd-sysv:armhf (241-7~deb10u4), libpam-systemd:armhf (241-7~deb10u4), systemd:armhf (241-7~deb10u4), libnss-systemd:armhf (241-7~deb10u4)
End-Date: 1970-01-02  19:23:14

Start-Date: 1970-01-02  19:27:35
Commandline: apt install busybox vim
Install: vim-runtime:armhf (2:8.1.0875-5, automatic), vim:armhf (2:8.1.0875-5), libgpm2:armhf (1.20.7-5, automatic), busybox:armhf (1:1.30.1-4)
End-Date: 1970-01-02  19:27:46

Start-Date: 1970-01-02  19:30:15
Commandline: apt install wpasupplicant -y
Install: libnl-route-3-200:armhf (3.4.0-1, automatic), libpcsclite1:armhf (1.8.24-1, automatic), libnl-genl-3-200:armhf (3.4.0-1, automatic), libnl-3-200:armhf (3.4.0-1, automatic), wpasupplicant:armhf (2:2.7+git20190128+0c1e29f-6+deb10u2), libreadline7:armhf (7.0-5, automatic)
End-Date: 1970-01-02  19:30:22
